Determining if the pthread_create exist failed with the following output:
Change Dir: /home/kkari/UniStuff/Graphics/cg_exercise_04/04_bvh/build/CMakeFiles/CMakeTmp

Run Build Command:/usr/bin/make "cmTryCompileExec2524831418/fast"
/usr/bin/make -f CMakeFiles/cmTryCompileExec2524831418.dir/build.make CMakeFiles/cmTryCompileExec2524831418.dir/build
make[1]: Entering directory `/home/kkari/UniStuff/Graphics/cg_exercise_04/04_bvh/build/CMakeFiles/CMakeTmp'
/usr/bin/cmake -E cmake_progress_report /home/kkari/UniStuff/Graphics/cg_exercise_04/04_bvh/build/CMakeFiles/CMakeTmp/CMakeFiles 1
Building C object CMakeFiles/cmTryCompileExec2524831418.dir/CheckSymbolExists.c.o
/usr/bin/cc    -o CMakeFiles/cmTryCompileExec2524831418.dir/CheckSymbolExists.c.o   -c /home/kkari/UniStuff/Graphics/cg_exercise_04/04_bvh/build/CMakeFiles/CMakeTmp/CheckSymbolExists.c
Linking C executable cmTryCompileExec2524831418
/usr/bin/cmake -E cmake_link_script CMakeFiles/cmTryCompileExec2524831418.dir/link.txt --verbose=1
/usr/bin/cc       CMakeFiles/cmTryCompileExec2524831418.dir/CheckSymbolExists.c.o  -o cmTryCompileExec2524831418 -rdynamic 
CMakeFiles/cmTryCompileExec2524831418.dir/CheckSymbolExists.c.o: In function `main':
CheckSymbolExists.c:(.text+0x16): undefined reference to `pthread_create'
collect2: error: ld returned 1 exit status
make[1]: *** [cmTryCompileExec2524831418] Error 1
make[1]: Leaving directory `/home/kkari/UniStuff/Graphics/cg_exercise_04/04_bvh/build/CMakeFiles/CMakeTmp'
make: *** [cmTryCompileExec2524831418/fast] Error 2

File /home/kkari/UniStuff/Graphics/cg_exercise_04/04_bvh/build/CMakeFiles/CMakeTmp/CheckSymbolExists.c:
/* */
#include <pthread.h>

int main(int argc, char** argv)
{
  (void)argv;
#ifndef pthread_create
  return ((int*)(&pthread_create))[argc];
#else
  (void)argc;
  return 0;
#endif
}

Determining if the function pthread_create exists in the pthreads failed with the following output:
Change Dir: /home/kkari/UniStuff/Graphics/cg_exercise_04/04_bvh/build/CMakeFiles/CMakeTmp

Run Build Command:/usr/bin/make "cmTryCompileExec684729128/fast"
/usr/bin/make -f CMakeFiles/cmTryCompileExec684729128.dir/build.make CMakeFiles/cmTryCompileExec684729128.dir/build
make[1]: Entering directory `/home/kkari/UniStuff/Graphics/cg_exercise_04/04_bvh/build/CMakeFiles/CMakeTmp'
/usr/bin/cmake -E cmake_progress_report /home/kkari/UniStuff/Graphics/cg_exercise_04/04_bvh/build/CMakeFiles/CMakeTmp/CMakeFiles 1
Building C object CMakeFiles/cmTryCompileExec684729128.dir/CheckFunctionExists.c.o
/usr/bin/cc   -DCHECK_FUNCTION_EXISTS=pthread_create   -o CMakeFiles/cmTryCompileExec684729128.dir/CheckFunctionExists.c.o   -c /usr/share/cmake-2.8/Modules/CheckFunctionExists.c
Linking C executable cmTryCompileExec684729128
/usr/bin/cmake -E cmake_link_script CMakeFiles/cmTryCompileExec684729128.dir/link.txt --verbose=1
/usr/bin/cc   -DCHECK_FUNCTION_EXISTS=pthread_create    CMakeFiles/cmTryCompileExec684729128.dir/CheckFunctionExists.c.o  -o cmTryCompileExec684729128 -rdynamic -lpthreads 
/usr/bin/ld: cannot find -lpthreads
collect2: error: ld returned 1 exit status
make[1]: Leaving directory `/home/kkari/UniStuff/Graphics/cg_exercise_04/04_bvh/build/CMakeFiles/CMakeTmp'
make[1]: *** [cmTryCompileExec684729128] Error 1
make: *** [cmTryCompileExec684729128/fast] Error 2


Determining if the function glXGetProcAddressEXT exists failed with the following output:
Change Dir: /home/kkari/UniStuff/Graphics/cg_exercise_04/04_bvh/build/CMakeFiles/CMakeTmp

Run Build Command:/usr/bin/make "cmTryCompileExec1427519553/fast"
/usr/bin/make -f CMakeFiles/cmTryCompileExec1427519553.dir/build.make CMakeFiles/cmTryCompileExec1427519553.dir/build
make[1]: Entering directory `/home/kkari/UniStuff/Graphics/cg_exercise_04/04_bvh/build/CMakeFiles/CMakeTmp'
/usr/bin/cmake -E cmake_progress_report /home/kkari/UniStuff/Graphics/cg_exercise_04/04_bvh/build/CMakeFiles/CMakeTmp/CMakeFiles 1
Building C object CMakeFiles/cmTryCompileExec1427519553.dir/CheckFunctionExists.c.o
/usr/bin/cc   -DCHECK_FUNCTION_EXISTS=glXGetProcAddressEXT   -o CMakeFiles/cmTryCompileExec1427519553.dir/CheckFunctionExists.c.o   -c /usr/share/cmake-2.8/Modules/CheckFunctionExists.c
Linking C executable cmTryCompileExec1427519553
/usr/bin/cmake -E cmake_link_script CMakeFiles/cmTryCompileExec1427519553.dir/link.txt --verbose=1
/usr/bin/cc   -DCHECK_FUNCTION_EXISTS=glXGetProcAddressEXT    CMakeFiles/cmTryCompileExec1427519553.dir/CheckFunctionExists.c.o  -o cmTryCompileExec1427519553 -rdynamic -lGL 
CMakeFiles/cmTryCompileExec1427519553.dir/CheckFunctionExists.c.o: In function `main':
CheckFunctionExists.c:(.text+0x15): undefined reference to `glXGetProcAddressEXT'
collect2: error: ld returned 1 exit status
make[1]: *** [cmTryCompileExec1427519553] Error 1
make[1]: Leaving directory `/home/kkari/UniStuff/Graphics/cg_exercise_04/04_bvh/build/CMakeFiles/CMakeTmp'
make: *** [cmTryCompileExec1427519553/fast] Error 2


