Determining if the pthread_create exist failed with the following output:
Change Dir: /home/kkari/UniStuff/Graphics/cg_exercise_02/02_whitted/build/CMakeFiles/CMakeTmp

Run Build Command:/usr/bin/make "cmTryCompileExec4023436653/fast"
/usr/bin/make -f CMakeFiles/cmTryCompileExec4023436653.dir/build.make CMakeFiles/cmTryCompileExec4023436653.dir/build
make[1]: Entering directory `/home/kkari/UniStuff/Graphics/cg_exercise_02/02_whitted/build/CMakeFiles/CMakeTmp'
/usr/bin/cmake -E cmake_progress_report /home/kkari/UniStuff/Graphics/cg_exercise_02/02_whitted/build/CMakeFiles/CMakeTmp/CMakeFiles 1
Building C object CMakeFiles/cmTryCompileExec4023436653.dir/CheckSymbolExists.c.o
/usr/bin/cc    -o CMakeFiles/cmTryCompileExec4023436653.dir/CheckSymbolExists.c.o   -c /home/kkari/UniStuff/Graphics/cg_exercise_02/02_whitted/build/CMakeFiles/CMakeTmp/CheckSymbolExists.c
Linking C executable cmTryCompileExec4023436653
/usr/bin/cmake -E cmake_link_script CMakeFiles/cmTryCompileExec4023436653.dir/link.txt --verbose=1
/usr/bin/cc       CMakeFiles/cmTryCompileExec4023436653.dir/CheckSymbolExists.c.o  -o cmTryCompileExec4023436653 -rdynamic 
CMakeFiles/cmTryCompileExec4023436653.dir/CheckSymbolExists.c.o: In function `main':
CheckSymbolExists.c:(.text+0x16): undefined reference to `pthread_create'
collect2: error: ld returned 1 exit status
make[1]: *** [cmTryCompileExec4023436653] Error 1
make[1]: Leaving directory `/home/kkari/UniStuff/Graphics/cg_exercise_02/02_whitted/build/CMakeFiles/CMakeTmp'
make: *** [cmTryCompileExec4023436653/fast] Error 2

File /home/kkari/UniStuff/Graphics/cg_exercise_02/02_whitted/build/CMakeFiles/CMakeTmp/CheckSymbolExists.c:
/* */
#include <pthread.h>

int main(int argc, char** argv)
{
  (void)argv;
#ifndef pthread_create
  return ((int*)(&pthread_create))[argc];
#else
  (void)argc;
  return 0;
#endif
}

Determining if the function pthread_create exists in the pthreads failed with the following output:
Change Dir: /home/kkari/UniStuff/Graphics/cg_exercise_02/02_whitted/build/CMakeFiles/CMakeTmp

Run Build Command:/usr/bin/make "cmTryCompileExec3439267122/fast"
/usr/bin/make -f CMakeFiles/cmTryCompileExec3439267122.dir/build.make CMakeFiles/cmTryCompileExec3439267122.dir/build
make[1]: Entering directory `/home/kkari/UniStuff/Graphics/cg_exercise_02/02_whitted/build/CMakeFiles/CMakeTmp'
/usr/bin/cmake -E cmake_progress_report /home/kkari/UniStuff/Graphics/cg_exercise_02/02_whitted/build/CMakeFiles/CMakeTmp/CMakeFiles 1
Building C object CMakeFiles/cmTryCompileExec3439267122.dir/CheckFunctionExists.c.o
/usr/bin/cc   -DCHECK_FUNCTION_EXISTS=pthread_create   -o CMakeFiles/cmTryCompileExec3439267122.dir/CheckFunctionExists.c.o   -c /usr/share/cmake-2.8/Modules/CheckFunctionExists.c
Linking C executable cmTryCompileExec3439267122
/usr/bin/cmake -E cmake_link_script CMakeFiles/cmTryCompileExec3439267122.dir/link.txt --verbose=1
/usr/bin/cc   -DCHECK_FUNCTION_EXISTS=pthread_create    CMakeFiles/cmTryCompileExec3439267122.dir/CheckFunctionExists.c.o  -o cmTryCompileExec3439267122 -rdynamic -lpthreads 
/usr/bin/ld: cannot find -lpthreads
collect2: error: ld returned 1 exit status
make[1]: *** [cmTryCompileExec3439267122] Error 1
make[1]: Leaving directory `/home/kkari/UniStuff/Graphics/cg_exercise_02/02_whitted/build/CMakeFiles/CMakeTmp'
make: *** [cmTryCompileExec3439267122/fast] Error 2


Determining if the function glXGetProcAddressEXT exists failed with the following output:
Change Dir: /home/kkari/UniStuff/Graphics/cg_exercise_02/02_whitted/build/CMakeFiles/CMakeTmp

Run Build Command:/usr/bin/make "cmTryCompileExec3712745680/fast"
/usr/bin/make -f CMakeFiles/cmTryCompileExec3712745680.dir/build.make CMakeFiles/cmTryCompileExec3712745680.dir/build
make[1]: Entering directory `/home/kkari/UniStuff/Graphics/cg_exercise_02/02_whitted/build/CMakeFiles/CMakeTmp'
/usr/bin/cmake -E cmake_progress_report /home/kkari/UniStuff/Graphics/cg_exercise_02/02_whitted/build/CMakeFiles/CMakeTmp/CMakeFiles 1
Building C object CMakeFiles/cmTryCompileExec3712745680.dir/CheckFunctionExists.c.o
/usr/bin/cc   -DCHECK_FUNCTION_EXISTS=glXGetProcAddressEXT   -o CMakeFiles/cmTryCompileExec3712745680.dir/CheckFunctionExists.c.o   -c /usr/share/cmake-2.8/Modules/CheckFunctionExists.c
Linking C executable cmTryCompileExec3712745680
/usr/bin/cmake -E cmake_link_script CMakeFiles/cmTryCompileExec3712745680.dir/link.txt --verbose=1
/usr/bin/cc   -DCHECK_FUNCTION_EXISTS=glXGetProcAddressEXT    CMakeFiles/cmTryCompileExec3712745680.dir/CheckFunctionExists.c.o  -o cmTryCompileExec3712745680 -rdynamic -lGL 
CMakeFiles/cmTryCompileExec3712745680.dir/CheckFunctionExists.c.o: In function `main':
CheckFunctionExists.c:(.text+0x15): undefined reference to `glXGetProcAddressEXT'
collect2: error: ld returned 1 exit status
make[1]: *** [cmTryCompileExec3712745680] Error 1
make[1]: Leaving directory `/home/kkari/UniStuff/Graphics/cg_exercise_02/02_whitted/build/CMakeFiles/CMakeTmp'
make: *** [cmTryCompileExec3712745680/fast] Error 2


